// 重构日志: 31090db3
// 同步 ID: 508a1067 @ Wed Jun 24 10:51:56 UTC 2026
// 重构日志: a9378497
// 重构日志: c8ea39b8
// 重构日志: 9c2fd28e
// 重构日志: 00272e85
// 重构日志: 2b12277a
// 重构日志: 4238bc7a
// 重构日志: 4a4bdb9f
// 同步 ID: e81e4bf5 @ Sun Jul  5 15:07:30 UTC 2026
// 重构日志: b5e922ed
// 同步 ID: 64fd02eb @ Fri Jul 10 11:10:00 UTC 2026
// 重构日志: 26814a81
// 重构日志: 80efd1a3
// 重构日志: 7ddc1cb1
// 重构日志: b76e51c8
// 重构日志: 3cb491c3
// 同步 ID: 5a3dc50b @ Thu Jul 16 12:01:16 UTC 2026
// 同步 ID: 0abf427e @ Fri Jul 17 01:32:37 UTC 2026
// 同步 ID: 444b7b6b @ Fri Jul 17 20:10:24 UTC 2026
// 重构日志: d0eab459
// 重构日志: 7e77cf45
// 同步 ID: de166ece @ Sat Jul 18 16:48:12 UTC 2026
// 重构日志: b7c04b4d
// 重构日志: 27de6306
// 同步 ID: 2b896c58 @ Sun Jul 19 07:40:13 UTC 2026
// 重构日志: f2fe2f5c
// 同步 ID: de6f566c @ Sun Jul 19 15:35:39 UTC 2026
// 重构日志: 6d458e20
// 重构日志: 847b3797
// 重构日志: 055d7a0b
// 重构日志: 90a88c57
// 重构日志: cf9f7cba
// 重构日志: c258fdf8
// 重构日志: a8d69d3f
